[2025-11-18 23:32:55 +0900] [281529] [INFO] Starting gunicorn 23.0.0
[2025-11-18 23:32:55 +0900] [281529] [INFO] Listening at: http://0.0.0.0:11202 (281529)
[2025-11-18 23:32:55 +0900] [281529] [INFO] Using worker: sync
[2025-11-18 23:32:55 +0900] [281531] [INFO] Booting worker with pid: 281531
[2025-11-18 23:32:55 +0900] [281532] [INFO] Booting worker with pid: 281532
[2025-11-18 23:32:55 +0900] [281533] [INFO] Booting worker with pid: 281533
[2025-11-18 23:32:55 +0900] [281534] [INFO] Booting worker with pid: 281534
[2025-11-20 14:56:34 +0900] [420916] [INFO] Starting gunicorn 23.0.0
[2025-11-20 14:56:34 +0900] [420916] [INFO] Listening at: http://0.0.0.0:11202 (420916)
[2025-11-20 14:56:34 +0900] [420916] [INFO] Using worker: sync
[2025-11-20 14:56:34 +0900] [420918] [INFO] Booting worker with pid: 420918
[2025-11-20 14:56:34 +0900] [420919] [INFO] Booting worker with pid: 420919
[2025-11-20 14:56:34 +0900] [420920] [INFO] Booting worker with pid: 420920
[2025-11-20 14:56:34 +0900] [420921] [INFO] Booting worker with pid: 420921
[2025-11-20 15:10:24 +0900] [422264] [INFO] Starting gunicorn 23.0.0
[2025-11-20 15:10:24 +0900] [422264] [ERROR] Connection in use: ('0.0.0.0', 11202)
[2025-11-20 15:10:24 +0900] [422264] [ERROR] connection to ('0.0.0.0', 11202) failed: [Errno 98] Address already in use
[2025-11-20 15:10:25 +0900] [422264] [ERROR] Connection in use: ('0.0.0.0', 11202)
[2025-11-20 15:10:25 +0900] [422264] [ERROR] connection to ('0.0.0.0', 11202) failed: [Errno 98] Address already in use
[2025-11-20 15:10:26 +0900] [422264] [ERROR] Connection in use: ('0.0.0.0', 11202)
[2025-11-20 15:10:26 +0900] [422264] [ERROR] connection to ('0.0.0.0', 11202) failed: [Errno 98] Address already in use
[2025-11-20 15:10:27 +0900] [422264] [ERROR] Connection in use: ('0.0.0.0', 11202)
[2025-11-20 15:10:27 +0900] [422264] [ERROR] connection to ('0.0.0.0', 11202) failed: [Errno 98] Address already in use
[2025-11-20 15:10:28 +0900] [422264] [ERROR] Connection in use: ('0.0.0.0', 11202)
[2025-11-20 15:10:28 +0900] [422264] [ERROR] connection to ('0.0.0.0', 11202) failed: [Errno 98] Address already in use
[2025-11-20 15:10:29 +0900] [422264] [ERROR] Can't connect to ('0.0.0.0', 11202)
[2025-11-20 15:43:24 +0900] [420916] [INFO] Handling signal: hup
[2025-11-20 15:43:24 +0900] [420916] [INFO] Hang up: Master
[2025-11-20 15:43:24 +0900] [420916] [ERROR] Worker (pid:420920) was sent SIGHUP!
[2025-11-20 15:43:24 +0900] [420916] [ERROR] Worker (pid:420921) was sent SIGHUP!
[2025-11-20 15:43:24 +0900] [420916] [ERROR] Worker (pid:420918) was sent SIGHUP!
[2025-11-20 15:43:24 +0900] [420916] [ERROR] Worker (pid:420919) was sent SIGHUP!
[2025-11-20 15:43:24 +0900] [425635] [INFO] Booting worker with pid: 425635
[2025-11-20 15:43:24 +0900] [425636] [INFO] Booting worker with pid: 425636
[2025-11-20 15:43:24 +0900] [425637] [INFO] Booting worker with pid: 425637
[2025-11-20 15:43:24 +0900] [425638] [INFO] Booting worker with pid: 425638
[2025-11-20 15:43:24 +0900] [425635] [ERROR] Exception in worker process
Traceback (most recent call last):
  File "/home/jiho/anaconda3/lib/python3.13/site-packages/gunicorn/arbiter.py", line 608, in spawn_worker
    worker.init_process()
    ~~~~~~~~~~~~~~~~~~~^^
  File "/home/jiho/anaconda3/lib/python3.13/site-packages/gunicorn/workers/base.py", line 135, in init_process
    self.load_wsgi()
    ~~~~~~~~~~~~~~^^
  File "/home/jiho/anaconda3/lib/python3.13/site-packages/gunicorn/workers/base.py", line 147, in load_wsgi
    self.wsgi = self.app.wsgi()
                ~~~~~~~~~~~~~^^
  File "/home/jiho/anaconda3/lib/python3.13/site-packages/gunicorn/app/base.py", line 66, in wsgi
    self.callable = self.load()
                    ~~~~~~~~~^^
  File "/home/jiho/anaconda3/lib/python3.13/site-packages/gunicorn/app/wsgiapp.py", line 57, in load
    return self.load_wsgiapp()
           ~~~~~~~~~~~~~~~~~^^
  File "/home/jiho/anaconda3/lib/python3.13/site-packages/gunicorn/app/wsgiapp.py", line 47, in load_wsgiapp
    return util.import_app(self.app_uri)
           ~~~~~~~~~~~~~~~^^^^^^^^^^^^^^
  File "/home/jiho/anaconda3/lib/python3.13/site-packages/gunicorn/util.py", line 370, in import_app
    mod = importlib.import_module(module)
  File "/home/jiho/anaconda3/lib/python3.13/importlib/__init__.py", line 88, in import_module
    return _bootstrap._gcd_import(name[level:], package, level)
           ~~~~~~~~~~~~~~~~~~~~~~^^^^^^^^^^^^^^^^^^^^^^^^^^^^^^
  File "<frozen importlib._bootstrap>", line 1387, in _gcd_import
  File "<frozen importlib._bootstrap>", line 1360, in _find_and_load
  File "<frozen importlib._bootstrap>", line 1331, in _find_and_load_unlocked
  File "<frozen importlib._bootstrap>", line 935, in _load_unlocked
  File "<frozen importlib._bootstrap_external>", line 1022, in exec_module
  File "<frozen importlib._bootstrap_external>", line 1160, in get_code
  File "<frozen importlib._bootstrap_external>", line 1090, in source_to_code
  File "<frozen importlib._bootstrap>", line 488, in _call_with_frames_removed
  File "/home/jiho/doqmate/workspace/backend/app.py", line 471
    SELECT signup_id, username, name, status, created_at 
    ^^^^^^^^^^^^^^^^
SyntaxError: invalid syntax. Perhaps you forgot a comma?
[2025-11-20 15:43:24 +0900] [425635] [INFO] Worker exiting (pid: 425635)
[2025-11-20 15:43:24 +0900] [425636] [ERROR] Exception in worker process
Traceback (most recent call last):
  File "/home/jiho/anaconda3/lib/python3.13/site-packages/gunicorn/arbiter.py", line 608, in spawn_worker
    worker.init_process()
    ~~~~~~~~~~~~~~~~~~~^^
  File "/home/jiho/anaconda3/lib/python3.13/site-packages/gunicorn/workers/base.py", line 135, in init_process
    self.load_wsgi()
    ~~~~~~~~~~~~~~^^
  File "/home/jiho/anaconda3/lib/python3.13/site-packages/gunicorn/workers/base.py", line 147, in load_wsgi
    self.wsgi = self.app.wsgi()
                ~~~~~~~~~~~~~^^
  File "/home/jiho/anaconda3/lib/python3.13/site-packages/gunicorn/app/base.py", line 66, in wsgi
    self.callable = self.load()
                    ~~~~~~~~~^^
  File "/home/jiho/anaconda3/lib/python3.13/site-packages/gunicorn/app/wsgiapp.py", line 57, in load
    return self.load_wsgiapp()
           ~~~~~~~~~~~~~~~~~^^
  File "/home/jiho/anaconda3/lib/python3.13/site-packages/gunicorn/app/wsgiapp.py", line 47, in load_wsgiapp
    return util.import_app(self.app_uri)
           ~~~~~~~~~~~~~~~^^^^^^^^^^^^^^
  File "/home/jiho/anaconda3/lib/python3.13/site-packages/gunicorn/util.py", line 370, in import_app
    mod = importlib.import_module(module)
  File "/home/jiho/anaconda3/lib/python3.13/importlib/__init__.py", line 88, in import_module
    return _bootstrap._gcd_import(name[level:], package, level)
           ~~~~~~~~~~~~~~~~~~~~~~^^^^^^^^^^^^^^^^^^^^^^^^^^^^^^
  File "<frozen importlib._bootstrap>", line 1387, in _gcd_import
  File "<frozen importlib._bootstrap>", line 1360, in _find_and_load
  File "<frozen importlib._bootstrap>", line 1331, in _find_and_load_unlocked
  File "<frozen importlib._bootstrap>", line 935, in _load_unlocked
  File "<frozen importlib._bootstrap_external>", line 1022, in exec_module
  File "<frozen importlib._bootstrap_external>", line 1160, in get_code
  File "<frozen importlib._bootstrap_external>", line 1090, in source_to_code
  File "<frozen importlib._bootstrap>", line 488, in _call_with_frames_removed
  File "/home/jiho/doqmate/workspace/backend/app.py", line 471
    SELECT signup_id, username, name, status, created_at 
    ^^^^^^^^^^^^^^^^
SyntaxError: invalid syntax. Perhaps you forgot a comma?
[2025-11-20 15:43:24 +0900] [425637] [ERROR] Exception in worker process
Traceback (most recent call last):
  File "/home/jiho/anaconda3/lib/python3.13/site-packages/gunicorn/arbiter.py", line 608, in spawn_worker
    worker.init_process()
    ~~~~~~~~~~~~~~~~~~~^^
  File "/home/jiho/anaconda3/lib/python3.13/site-packages/gunicorn/workers/base.py", line 135, in init_process
    self.load_wsgi()
    ~~~~~~~~~~~~~~^^
  File "/home/jiho/anaconda3/lib/python3.13/site-packages/gunicorn/workers/base.py", line 147, in load_wsgi
    self.wsgi = self.app.wsgi()
                ~~~~~~~~~~~~~^^
  File "/home/jiho/anaconda3/lib/python3.13/site-packages/gunicorn/app/base.py", line 66, in wsgi
    self.callable = self.load()
                    ~~~~~~~~~^^
  File "/home/jiho/anaconda3/lib/python3.13/site-packages/gunicorn/app/wsgiapp.py", line 57, in load
    return self.load_wsgiapp()
           ~~~~~~~~~~~~~~~~~^^
  File "/home/jiho/anaconda3/lib/python3.13/site-packages/gunicorn/app/wsgiapp.py", line 47, in load_wsgiapp
    return util.import_app(self.app_uri)
           ~~~~~~~~~~~~~~~^^^^^^^^^^^^^^
  File "/home/jiho/anaconda3/lib/python3.13/site-packages/gunicorn/util.py", line 370, in import_app
    mod = importlib.import_module(module)
  File "/home/jiho/anaconda3/lib/python3.13/importlib/__init__.py", line 88, in import_module
    return _bootstrap._gcd_import(name[level:], package, level)
           ~~~~~~~~~~~~~~~~~~~~~~^^^^^^^^^^^^^^^^^^^^^^^^^^^^^^
  File "<frozen importlib._bootstrap>", line 1387, in _gcd_import
  File "<frozen importlib._bootstrap>", line 1360, in _find_and_load
  File "<frozen importlib._bootstrap>", line 1331, in _find_and_load_unlocked
  File "<frozen importlib._bootstrap>", line 935, in _load_unlocked
  File "<frozen importlib._bootstrap_external>", line 1022, in exec_module
  File "<frozen importlib._bootstrap_external>", line 1160, in get_code
  File "<frozen importlib._bootstrap_external>", line 1090, in source_to_code
  File "<frozen importlib._bootstrap>", line 488, in _call_with_frames_removed
  File "/home/jiho/doqmate/workspace/backend/app.py", line 471
    SELECT signup_id, username, name, status, created_at 
    ^^^^^^^^^^^^^^^^
SyntaxError: invalid syntax. Perhaps you forgot a comma?
[2025-11-20 15:43:24 +0900] [425636] [INFO] Worker exiting (pid: 425636)
[2025-11-20 15:43:24 +0900] [425637] [INFO] Worker exiting (pid: 425637)
[2025-11-20 15:43:24 +0900] [425638] [ERROR] Exception in worker process
Traceback (most recent call last):
  File "/home/jiho/anaconda3/lib/python3.13/site-packages/gunicorn/arbiter.py", line 608, in spawn_worker
    worker.init_process()
    ~~~~~~~~~~~~~~~~~~~^^
  File "/home/jiho/anaconda3/lib/python3.13/site-packages/gunicorn/workers/base.py", line 135, in init_process
    self.load_wsgi()
    ~~~~~~~~~~~~~~^^
  File "/home/jiho/anaconda3/lib/python3.13/site-packages/gunicorn/workers/base.py", line 147, in load_wsgi
    self.wsgi = self.app.wsgi()
                ~~~~~~~~~~~~~^^
  File "/home/jiho/anaconda3/lib/python3.13/site-packages/gunicorn/app/base.py", line 66, in wsgi
    self.callable = self.load()
                    ~~~~~~~~~^^
  File "/home/jiho/anaconda3/lib/python3.13/site-packages/gunicorn/app/wsgiapp.py", line 57, in load
    return self.load_wsgiapp()
           ~~~~~~~~~~~~~~~~~^^
  File "/home/jiho/anaconda3/lib/python3.13/site-packages/gunicorn/app/wsgiapp.py", line 47, in load_wsgiapp
    return util.import_app(self.app_uri)
           ~~~~~~~~~~~~~~~^^^^^^^^^^^^^^
  File "/home/jiho/anaconda3/lib/python3.13/site-packages/gunicorn/util.py", line 370, in import_app
    mod = importlib.import_module(module)
  File "/home/jiho/anaconda3/lib/python3.13/importlib/__init__.py", line 88, in import_module
    return _bootstrap._gcd_import(name[level:], package, level)
           ~~~~~~~~~~~~~~~~~~~~~~^^^^^^^^^^^^^^^^^^^^^^^^^^^^^^
  File "<frozen importlib._bootstrap>", line 1387, in _gcd_import
  File "<frozen importlib._bootstrap>", line 1360, in _find_and_load
  File "<frozen importlib._bootstrap>", line 1331, in _find_and_load_unlocked
  File "<frozen importlib._bootstrap>", line 935, in _load_unlocked
  File "<frozen importlib._bootstrap_external>", line 1022, in exec_module
  File "<frozen importlib._bootstrap_external>", line 1160, in get_code
  File "<frozen importlib._bootstrap_external>", line 1090, in source_to_code
  File "<frozen importlib._bootstrap>", line 488, in _call_with_frames_removed
  File "/home/jiho/doqmate/workspace/backend/app.py", line 471
    SELECT signup_id, username, name, status, created_at 
    ^^^^^^^^^^^^^^^^
SyntaxError: invalid syntax. Perhaps you forgot a comma?
[2025-11-20 15:43:24 +0900] [425638] [INFO] Worker exiting (pid: 425638)
[2025-11-20 15:43:24 +0900] [420916] [ERROR] Worker (pid:425637) exited with code 3
[2025-11-20 15:43:54 +0900] [420916] [ERROR] Shutting down: Master
[2025-11-20 15:43:54 +0900] [420916] [ERROR] Reason: Worker failed to boot.
[2025-11-22 17:34:09 +0900] [168153] [INFO] Starting gunicorn 23.0.0
[2025-11-22 17:34:09 +0900] [168153] [INFO] Listening at: http://0.0.0.0:11202 (168153)
[2025-11-22 17:34:09 +0900] [168153] [INFO] Using worker: sync
[2025-11-22 17:34:09 +0900] [168155] [INFO] Booting worker with pid: 168155
[2025-11-22 17:34:09 +0900] [168156] [INFO] Booting worker with pid: 168156
[2025-11-22 17:34:09 +0900] [168155] [ERROR] Exception in worker process
Traceback (most recent call last):
  File "/home/jiho/anaconda3/lib/python3.13/site-packages/gunicorn/arbiter.py", line 608, in spawn_worker
    worker.init_process()
    ~~~~~~~~~~~~~~~~~~~^^
  File "/home/jiho/anaconda3/lib/python3.13/site-packages/gunicorn/workers/base.py", line 135, in init_process
    self.load_wsgi()
    ~~~~~~~~~~~~~~^^
  File "/home/jiho/anaconda3/lib/python3.13/site-packages/gunicorn/workers/base.py", line 147, in load_wsgi
    self.wsgi = self.app.wsgi()
                ~~~~~~~~~~~~~^^
  File "/home/jiho/anaconda3/lib/python3.13/site-packages/gunicorn/app/base.py", line 66, in wsgi
    self.callable = self.load()
                    ~~~~~~~~~^^
  File "/home/jiho/anaconda3/lib/python3.13/site-packages/gunicorn/app/wsgiapp.py", line 57, in load
    return self.load_wsgiapp()
           ~~~~~~~~~~~~~~~~~^^
  File "/home/jiho/anaconda3/lib/python3.13/site-packages/gunicorn/app/wsgiapp.py", line 47, in load_wsgiapp
    return util.import_app(self.app_uri)
           ~~~~~~~~~~~~~~~^^^^^^^^^^^^^^
  File "/home/jiho/anaconda3/lib/python3.13/site-packages/gunicorn/util.py", line 370, in import_app
    mod = importlib.import_module(module)
  File "/home/jiho/anaconda3/lib/python3.13/importlib/__init__.py", line 88, in import_module
    return _bootstrap._gcd_import(name[level:], package, level)
           ~~~~~~~~~~~~~~~~~~~~~~^^^^^^^^^^^^^^^^^^^^^^^^^^^^^^
  File "<frozen importlib._bootstrap>", line 1387, in _gcd_import
  File "<frozen importlib._bootstrap>", line 1360, in _find_and_load
  File "<frozen importlib._bootstrap>", line 1331, in _find_and_load_unlocked
  File "<frozen importlib._bootstrap>", line 935, in _load_unlocked
  File "<frozen importlib._bootstrap_external>", line 1026, in exec_module
  File "<frozen importlib._bootstrap>", line 488, in _call_with_frames_removed
  File "/home/jiho/doqmate/workspace/backend/app.py", line 7, in <module>
    from routes_auth import ns_auth
  File "/home/jiho/doqmate/workspace/backend/routes_auth.py", line 183, in <module>
    class FindUsername(Resource):
    ...<29 lines>...
                conn.close()
  File "/home/jiho/doqmate/workspace/backend/routes_auth.py", line 185, in FindUsername
    @ns_auth.expect(find_id_input)
                    ^^^^^^^^^^^^^
NameError: name 'find_id_input' is not defined
[2025-11-22 17:34:09 +0900] [168155] [INFO] Worker exiting (pid: 168155)
[2025-11-22 17:34:09 +0900] [168153] [ERROR] Worker (pid:168155) exited with code 3
[2025-11-22 17:34:09 +0900] [168156] [ERROR] Exception in worker process
Traceback (most recent call last):
  File "/home/jiho/anaconda3/lib/python3.13/site-packages/gunicorn/arbiter.py", line 608, in spawn_worker
    worker.init_process()
    ~~~~~~~~~~~~~~~~~~~^^
  File "/home/jiho/anaconda3/lib/python3.13/site-packages/gunicorn/workers/base.py", line 135, in init_process
    self.load_wsgi()
    ~~~~~~~~~~~~~~^^
  File "/home/jiho/anaconda3/lib/python3.13/site-packages/gunicorn/workers/base.py", line 147, in load_wsgi
    self.wsgi = self.app.wsgi()
                ~~~~~~~~~~~~~^^
  File "/home/jiho/anaconda3/lib/python3.13/site-packages/gunicorn/app/base.py", line 66, in wsgi
    self.callable = self.load()
                    ~~~~~~~~~^^
  File "/home/jiho/anaconda3/lib/python3.13/site-packages/gunicorn/app/wsgiapp.py", line 57, in load
    return self.load_wsgiapp()
           ~~~~~~~~~~~~~~~~~^^
  File "/home/jiho/anaconda3/lib/python3.13/site-packages/gunicorn/app/wsgiapp.py", line 47, in load_wsgiapp
    return util.import_app(self.app_uri)
           ~~~~~~~~~~~~~~~^^^^^^^^^^^^^^
  File "/home/jiho/anaconda3/lib/python3.13/site-packages/gunicorn/util.py", line 370, in import_app
    mod = importlib.import_module(module)
  File "/home/jiho/anaconda3/lib/python3.13/importlib/__init__.py", line 88, in import_module
    return _bootstrap._gcd_import(name[level:], package, level)
           ~~~~~~~~~~~~~~~~~~~~~~^^^^^^^^^^^^^^^^^^^^^^^^^^^^^^
  File "<frozen importlib._bootstrap>", line 1387, in _gcd_import
  File "<frozen importlib._bootstrap>", line 1360, in _find_and_load
  File "<frozen importlib._bootstrap>", line 1331, in _find_and_load_unlocked
  File "<frozen importlib._bootstrap>", line 935, in _load_unlocked
  File "<frozen importlib._bootstrap_external>", line 1026, in exec_module
  File "<frozen importlib._bootstrap>", line 488, in _call_with_frames_removed
  File "/home/jiho/doqmate/workspace/backend/app.py", line 7, in <module>
    from routes_auth import ns_auth
  File "/home/jiho/doqmate/workspace/backend/routes_auth.py", line 183, in <module>
    class FindUsername(Resource):
    ...<29 lines>...
                conn.close()
  File "/home/jiho/doqmate/workspace/backend/routes_auth.py", line 185, in FindUsername
    @ns_auth.expect(find_id_input)
                    ^^^^^^^^^^^^^
NameError: name 'find_id_input' is not defined
[2025-11-22 17:34:09 +0900] [168156] [INFO] Worker exiting (pid: 168156)
[2025-11-22 17:34:09 +0900] [168153] [ERROR] Worker (pid:168156) exited with code 3
Traceback (most recent call last):
  File "/home/jiho/anaconda3/lib/python3.13/site-packages/gunicorn/arbiter.py", line 201, in run
    self.manage_workers()
    ~~~~~~~~~~~~~~~~~~~^^
  File "/home/jiho/anaconda3/lib/python3.13/site-packages/gunicorn/arbiter.py", line 570, in manage_workers
    self.spawn_workers()
    ~~~~~~~~~~~~~~~~~~^^
  File "/home/jiho/anaconda3/lib/python3.13/site-packages/gunicorn/arbiter.py", line 642, in spawn_workers
    time.sleep(0.1 * random.random())
    ~~~~~~~~~~^^^^^^^^^^^^^^^^^^^^^^^
  File "/home/jiho/anaconda3/lib/python3.13/site-packages/gunicorn/arbiter.py", line 241, in handle_chld
    self.reap_workers()
    ~~~~~~~~~~~~~~~~~^^
  File "/home/jiho/anaconda3/lib/python3.13/site-packages/gunicorn/arbiter.py", line 529, in reap_workers
    raise HaltServer(reason, self.WORKER_BOOT_ERROR)
gunicorn.errors.HaltServer: <HaltServer 'Worker failed to boot.' 3>

During handling of the above exception, another exception occurred:

Traceback (most recent call last):
  File "/home/jiho/anaconda3/bin/gunicorn", line 8, in <module>
    sys.exit(run())
             ~~~^^
  File "/home/jiho/anaconda3/lib/python3.13/site-packages/gunicorn/app/wsgiapp.py", line 66, in run
    WSGIApplication("%(prog)s [OPTIONS] [APP_MODULE]", prog=prog).run()
    ~~~~~~~~~~~~~~~~~~~~~~~~~~~~~~~~~~~~~~~~~~~~~~~~~~~~~~~~~~~~~~~~~^^
  File "/home/jiho/anaconda3/lib/python3.13/site-packages/gunicorn/app/base.py", line 235, in run
    super().run()
    ~~~~~~~~~~~^^
  File "/home/jiho/anaconda3/lib/python3.13/site-packages/gunicorn/app/base.py", line 71, in run
    Arbiter(self).run()
    ~~~~~~~~~~~~~~~~~^^
  File "/home/jiho/anaconda3/lib/python3.13/site-packages/gunicorn/arbiter.py", line 228, in run
    self.halt(reason=inst.reason, exit_status=inst.exit_status)
    ~~~~~~~~~^^^^^^^^^^^^^^^^^^^^^^^^^^^^^^^^^^^^^^^^^^^^^^^^^^
  File "/home/jiho/anaconda3/lib/python3.13/site-packages/gunicorn/arbiter.py", line 341, in halt
    self.stop()
    ~~~~~~~~~^^
  File "/home/jiho/anaconda3/lib/python3.13/site-packages/gunicorn/arbiter.py", line 395, in stop
    time.sleep(0.1)
    ~~~~~~~~~~^^^^^
  File "/home/jiho/anaconda3/lib/python3.13/site-packages/gunicorn/arbiter.py", line 241, in handle_chld
    self.reap_workers()
    ~~~~~~~~~~~~~~~~~^^
  File "/home/jiho/anaconda3/lib/python3.13/site-packages/gunicorn/arbiter.py", line 529, in reap_workers
    raise HaltServer(reason, self.WORKER_BOOT_ERROR)
gunicorn.errors.HaltServer: <HaltServer 'Worker failed to boot.' 3>
